<?xml version="1.0" encoding="UTF-8"?>
<testsuite xmlns:xsi="http://www.w3.org/2001/XMLSchema-instance" xsi:noNamespaceSchemaLocation="https://maven.apache.org/surefire/maven-surefire-plugin/xsd/surefire-test-report.xsd" name="runner.TestRunner" time="103.389" tests="14" errors="0" skipped="0" failures="1">
  <properties>
[...]
</properties>
  <testcase name="Login with valid credentials #1" classname="Login functionality" time="11.584"/>
  <testcase name="Login with valid credentials #2" classname="Login functionality" time="7.358"/>
  <testcase name="Login with valid credentials #3" classname="Login functionality" time="6.56"/>
  <testcase name="Login with invalid credentials" classname="Login functionality" time="6.903"/>
  <testcase name="Login with valid email and invalid password" classname="Login functionality" time="7.308">
    <failure type="java.lang.AssertionError">java.lang.AssertionError
</failure>
    <system-out><![CDATA[
Scenario: Login with valid email and invalid password                            &amp#27;[90m# src/test/resources/features/Login.feature:22&amp#27;[0m
  &amp#27;[32mGiven &amp#27;[0m&amp#27;[32mUser navigates to login page&amp#27;[0m                                             &amp#27;[90m# stepdefinitions.Login.user_navigates_to_login_page()&amp#27;[0m
  &amp#27;[32mWhen &amp#27;[0m&amp#27;[32mUser enters valid email address &amp#27;[0m&amp#27;[32m&amp#27;[1m"amotooricap9@gmail.com"&amp#27;[0m&amp#27;[32m into email field&amp#27;[0m &amp#27;[90m# stepdefinitions.Login.User_enters_valid_email_address_into_email_field(java.lang.String)&amp#27;[0m
  &amp#27;[32mAnd &amp#27;[0m&amp#27;[32mUser enters invalid password &amp#27;[0m&amp#27;[32m&amp#27;[1m"1234567890"&amp#27;[0m&amp#27;[32m into password field&amp#27;[0m              &amp#27;[90m# stepdefinitions.Login.user_enters_invalid_password_into_password_field(java.lang.String)&amp#27;[0m
  &amp#27;[32mAnd &amp#27;[0m&amp#27;[32mUser clicks on Login button&amp#27;[0m                                                &amp#27;[90m# stepdefinitions.Login.user_clicks_on_login_button()&amp#27;[0m
  &amp#27;[31mThen &amp#27;[0m&amp#27;[31mUser should get a proper warning message about credentials mismatch&amp#27;[0m       &amp#27;[90m# stepdefinitions.Login.user_should_get_a_proper_warning_message_about_credentials_mismatch()&amp#27;[0m
      &amp#27;[31mjava.lang.AssertionError
	at org.junit.Assert.fail(Assert.java:86)
	at org.junit.Assert.assertTrue(Assert.java:41)
	at org.junit.Assert.assertTrue(Assert.java:52)
	at stepdefinitions.Login.user_should_get_a_proper_warning_message_about_credentials_mismatch(Login.java:80)
	at âœ½.User should get a proper warning message about credentials mismatch(file:///C:/QAFox/CucumberHybridFramework/TutorialsNinjaProj/src/test/resources/features/Login.feature:27)
&amp#27;[0m

    Embedding Login_with_valid_email_and_invalid_password [image/png 116363 bytes]

]]></system-out>
    <system-err><![CDATA[Starting ChromeDriver 108.0.5359.71 (1e0e3868ee06e91ad636a874420e3ca3ae3756ac-refs/branch-heads/5359@{#1016}) on port 33502
Only local connections are allowed.
Please see https://chromedriver.chromium.org/security-considerations for suggestions on keeping ChromeDriver safe.
ChromeDriver was started successfully.
]]></system-err>
  </testcase>
  <testcase name="Login with invalid email and valid password" classname="Login functionality" time="6.266"/>
  <testcase name="Login without providing any credentails" classname="Login functionality" time="5.935"/>
  <testcase name="User creates an account only with mandatory fields" classname="Registration functionality" time="7.76"/>
  <testcase name="User creates an account with all fields" classname="Registration functionality" time="8.054"/>
  <testcase name="User creates a duplicate account" classname="Registration functionality" time="7.92"/>
  <testcase name="User creates an account without filling any details" classname="Registration functionality" time="7.951"/>
  <testcase name="User searches for a valid product" classname="Search functionality" time="5.865"/>
  <testcase name="User searches for an invalid product" classname="Search functionality" time="4.838"/>
  <testcase name="User searches without any product" classname="Search functionality" time="4.569"/>
</testsuite>